20250410	15:33:11	1aa8f8bc-b225-40d0-96fe-3f0942989f79	OPTIONS	/api/auth/register	http://localhost:5173
20250410	15:33:11	70ffa6d1-fb4c-4ab6-8e4f-449eba3ed349	POST	/api/auth/register	http://localhost:5173
20250410	15:33:18	265e9ff5-689e-48e5-a9b9-dd568a93918f	OPTIONS	/api/auth/register	http://localhost:5173
20250410	15:33:18	9fa8d100-9aa1-4ce9-a214-83a577baed43	POST	/api/auth/register	http://localhost:5173
20250410	15:33:20	fe6fe5e8-f4a2-427c-a929-6633f56f0cfa	POST	/api/auth/register	http://localhost:5173
20250410	15:33:21	a0eae771-bdd9-4099-8c84-cbd03c75ef8f	POST	/api/auth/register	http://localhost:5173
20250410	15:33:21	c7290109-b8b5-4d9c-b971-39c4b5b86aa4	POST	/api/auth/register	http://localhost:5173
20250410	15:34:59	3b4061dc-b25d-4c23-bb68-7cff5faf2674	OPTIONS	/api/auth/register	http://localhost:5173
20250410	15:34:59	ee217e8f-6b8a-4df1-afec-bc78959ce71f	POST	/api/auth/register	http://localhost:5173
20250410	15:37:13	6ab037a9-042c-4b31-b320-7e1b4d9635e5	OPTIONS	/api/auth/register	http://localhost:5173
20250410	15:37:13	0e1678df-48ae-4e36-98a7-603f0534f91e	POST	/api/auth/register	http://localhost:5173
20250410	15:41:32	28ba9864-d09c-4022-a63b-7420491ceb0b	OPTIONS	/api/auth/register	http://localhost:5173
20250410	15:41:32	93a0caa1-3442-4b30-accc-9ac55775e0f2	POST	/api/auth/register	http://localhost:5173
20250410	17:42:57	c5ec66e0-f224-4736-9cc2-b6e483519656	GET	/api/content/trending	http://localhost:5173
20250410	17:42:59	cecb5059-1411-48f7-9092-0d67066f2448	GET	/api/content/trending	http://localhost:5173
20250410	17:45:00	02103da5-dc88-466a-a576-9080001cd77a	OPTIONS	/api/auth/register	http://localhost:5173
20250410	17:45:00	d2c87e43-70ed-4533-b7aa-6a84ad5dd61c	POST	/api/auth/register	http://localhost:5173
20250410	17:45:55	aa442a09-6e35-496a-b390-c50fb5388138	OPTIONS	/api/auth/login	http://localhost:5173
20250410	17:45:55	4ce04972-2f9a-43ce-bbf8-42108411860f	POST	/api/auth/login	http://localhost:5173
20250410	17:51:13	7bc457c2-c71b-4084-a733-b9f365497373	GET	/api/content/trending	http://localhost:5173
20250410	17:51:13	afa7719a-b269-4c92-adea-4315ecc09149	GET	/api/content/trending	http://localhost:5173
20250410	18:25:16	b07f13d1-c351-401e-b145-3480fb79c480	GET	/api/content/trending	http://localhost:5173
20250410	18:25:16	0eff0f74-7537-4e76-9e36-2108d07c5d7e	GET	/api/content/trending	http://localhost:5173
20250410	18:47:28	ae3d7e7c-6bf6-4f2e-80c0-b8a5970d1513	GET	/api/trending	http://localhost:5173
20250410	18:47:28	354338c7-e687-45e7-9600-c8fa60d559a5	GET	/api/trending	http://localhost:5173
20250410	18:47:41	5946aa1a-4282-4555-a9b1-afab640910f2	GET	/api/trending	http://localhost:5173
20250410	18:47:41	3d40194e-1770-4e85-9f1e-468876c3fcd1	GET	/api/trending	http://localhost:5173
20250410	23:45:51	c37e52ad-5391-43e3-bde8-b54785fecbf5	POST	/api/auth/register	undefined
20250410	23:46:58	581b7565-c003-4d09-a135-7f7af9df7056	POST	/api/auth/register	undefined
20250410	23:51:15	8209e28f-fc78-4b8c-8de0-e4325c84f12b	POST	/api/auth/register	undefined
20250410	23:52:40	37a5cbc3-689a-43d2-91b1-ecef6632988e	POST	/api/auth/register	undefined
20250410	23:54:49	5c5c2f43-d1de-4946-a384-6f9f290e0b27	POST	/api/auth/register	undefined
20250411	00:03:14	527d3ccc-c3d9-4c2f-b616-29043b7a6655	POST	/api/auth/register	undefined
20250411	00:10:58	b0bfa215-03cc-455d-a800-1fbbf343943b	POST	/api/auth/register	undefined
20250411	00:22:02	3458414f-2a85-454c-8e45-86f8efb27d53	POST	/api/auth/register	undefined
20250411	00:27:09	285cf3a9-cc80-4e4a-9824-f5aa524f7e9d	POST	/api/auth/login	undefined
20250411	00:27:45	6e8a5d5a-76e3-4152-8380-9301bdf51b1e	POST	/api/auth/login	undefined
20250411	00:27:50	0685baef-3137-45ae-a28d-d8456c680b2c	POST	/api/auth/login	undefined
20250411	00:29:04	5bcaea7e-44e2-416d-ae1b-60712bd52558	POST	/api/auth/login	undefined
20250411	00:31:09	47eca8b7-4209-41b5-b835-d17990a4c277	POST	/api/auth/login	undefined
20250411	00:32:45	831c3265-bf92-4242-8bb6-de716087d150	POST	/api/auth/register	undefined
20250411	00:32:49	f6164b5a-19c9-4e8c-9c8b-5e64ff157983	POST	/api/auth/register	undefined
20250411	00:34:40	4e01fc44-d789-4f43-9cfe-b2d4a3cbe522	POST	/api/auth/register	undefined
20250411	00:39:37	61d6062b-23d2-479c-8948-7602f33a6971	POST	/api/auth/register	undefined
20250411	00:40:24	ec9ed1f6-7aff-439c-a84e-12df90c51e40	POST	/api/auth/login	undefined
20250411	08:23:58	7605fc11-6e60-4abc-ad78-ad74e4d4cbf4	GET	/api/trending	http://localhost:5173
20250411	08:24:00	c920fa30-03a3-44bb-b441-67e91ec484dd	GET	/api/trending	http://localhost:5173
20250411	08:26:20	0517218a-c1de-414a-9af5-a84bea6e98ed	OPTIONS	/api/auth/login	http://localhost:5173
20250411	08:26:21	98718a49-0e49-4e00-a397-f615e51ecedb	POST	/api/auth/login	http://localhost:5173
20250411	08:26:23	a4960b0b-238a-40a9-8cf1-44139d245a38	POST	/api/auth/login	http://localhost:5173
20250411	08:26:27	ecdeb082-4c79-4dda-8e66-0cbfc85ed227	OPTIONS	/api/auth/login	http://localhost:5173
20250411	08:26:27	f97775d8-c244-4213-ba7b-ba6f26fb3389	POST	/api/auth/login	http://localhost:5173
20250411	08:26:28	45d90238-73c2-4bcb-b651-44d03605ea71	POST	/api/auth/login	http://localhost:5173
20250411	08:26:32	7acfdd54-b5a5-42b1-baeb-f1353fb9deeb	OPTIONS	/api/auth/login	http://localhost:5173
20250411	08:26:33	e6d4c900-fd70-4942-a7ce-59ee570f44ce	POST	/api/auth/login	http://localhost:5173
20250411	08:26:33	27548ddd-f526-4a2f-8a10-a781da04e61b	POST	/api/auth/login	http://localhost:5173
20250411	08:33:05	552a5add-78d6-4320-8539-1b6c66c09f93	OPTIONS	/api/auth/login	http://localhost:5173
20250411	08:33:06	4303195b-810c-4c72-b45f-6eaa15ba7de4	POST	/api/auth/login	http://localhost:5173
20250411	08:33:07	fc7e3201-5976-403f-b706-a63c6946351d	POST	/api/auth/login	http://localhost:5173
20250411	08:36:53	32dc59d3-5cce-4e97-accf-4519fc71c033	OPTIONS	/api/auth/login	http://localhost:5173
20250411	08:36:53	e2c48376-478a-4e3c-aba9-ec2b38fc7d8d	POST	/api/auth/login	http://localhost:5173
20250411	08:36:53	17007abf-f983-439f-a5a0-d33ce88645dc	POST	/api/auth/login	http://localhost:5173
20250411	08:42:22	e56e85ef-0ab6-4b7e-a914-7d86104fc685	POST	/api/auth/register	http://localhost:5173
20250411	08:42:22	7fcb339e-8762-4d5a-8500-9503c8a7c42c	OPTIONS	/api/auth/register	http://localhost:5173
20250411	08:42:25	701548ff-8f03-4b44-925d-207f0635eaa6	OPTIONS	/api/auth/login	http://localhost:5173
20250411	08:42:25	eded8caa-e8ab-4669-904d-3f917155d1b1	POST	/api/auth/login	http://localhost:5173
20250411	08:55:42	135dc27f-4c2a-4d6e-8ede-93f110be172e	GET	/api/trending	http://localhost:5173
20250411	08:55:44	1c54b8c0-3097-4706-952f-da8c57dd07da	GET	/api/trending	http://localhost:5173
20250411	08:58:22	74ee6884-e5e6-497c-bbf9-23a6778e4cc7	GET	/api/trending	http://localhost:5173
20250411	08:58:22	a6cdfc6f-d18f-4e49-954f-29cd5da092f3	GET	/api/trending	http://localhost:5173
